<testsuites id="" name="" tests="9" failures="0" skipped="0" errors="0" time="6.454536">
<testsuite name="user-stories/epic1-data-persistence.spec.ts" timestamp="2025-08-19T16:10:35.929Z" hostname="Telegram WebApp" tests="9" failures="0" skipped="0" time="29.368" errors="0">
<testcase name="Epic 1: Enhanced Data Persistence &amp; API Integration › User Story 1.1: Robust Data Recovery › should complete basic navigation flow" classname="user-stories/epic1-data-persistence.spec.ts" time="3.44">
</testcase>
<testcase name="Epic 1: Enhanced Data Persistence &amp; API Integration › User Story 1.1: Robust Data Recovery › should persist survey results immediately after each screen completion" classname="user-stories/epic1-data-persistence.spec.ts" time="4.164">
</testcase>
<testcase name="Epic 1: Enhanced Data Persistence &amp; API Integration › User Story 1.1: Robust Data Recovery › should validate and prevent corrupted state" classname="user-stories/epic1-data-persistence.spec.ts" time="3.271">
</testcase>
<testcase name="Epic 1: Enhanced Data Persistence &amp; API Integration › User Story 1.1: Robust Data Recovery › should complete full survey flow with data persistence" classname="user-stories/epic1-data-persistence.spec.ts" time="3.677">
</testcase>
<testcase name="Epic 1: Enhanced Data Persistence &amp; API Integration › User Story 1.2: API Service Layer Foundation › should reach post-survey application state" classname="user-stories/epic1-data-persistence.spec.ts" time="3.715">
<system-out>
<![CDATA[Post-survey state: {
  hasThemes: [33mfalse[39m,
  hasCheckIn: [33mfalse[39m,
  hasPinSetup: [33mtrue[39m,
  hasProfile: [33mfalse[39m,
  bodySnippet: [32m'\n'[39m +
    [32m'For more privacy you can set a pin code to log in\n'[39m +
    [32m'\n'[39m +
    [32m'1\n'[39m +
    [32m'\n'[39m +
    [32m'2\n'[39m +
    [32m'\n'[39m +
    [32m'3\n'[39m +
    [32m'\n'[39m +
    [32m'4\n'[39m +
    [32m'\n'[39m +
    [32m'5\n'[39m +
    [32m'\n'[39m +
    [32m'6\n'[39m +
    [32m'\n'[39m +
    [32m'7\n'[39m +
    [32m'\n'[39m +
    [32m'8\n'[39m +
    [32m'\n'[39m +
    [32m'9\n'[39m +
    [32m'\n'[39m +
    [32m'0\n'[39m +
    [32m'\n'[39m +
    [32m'Skip'[39m,
  notOnSurvey: [33mtrue[39m
}
✅ Successfully reached valid post-survey state
]]>
</system-out>
</testcase>
<testcase name="Epic 1: Enhanced Data Persistence &amp; API Integration › User Story 1.2: API Service Layer Foundation › should complete survey flow and verify final state" classname="user-stories/epic1-data-persistence.spec.ts" time="3.677">
<system-out>
<![CDATA[Final application state: {
  hasCheckIn: [33mfalse[39m,
  hasThemes: [33mfalse[39m,
  hasSendButton: [33mfalse[39m,
  hasCompleted: [33mtrue[39m,
  bodyLength: [33m86[39m,
  url: [32m'http://localhost:5173/'[39m
}
]]>
</system-out>
</testcase>
<testcase name="Epic 1: Enhanced Data Persistence &amp; API Integration › User Story 1.2: API Service Layer Foundation › should handle localStorage operations correctly" classname="user-stories/epic1-data-persistence.spec.ts" time="3.192">
</testcase>
<testcase name="Epic 1: Enhanced Data Persistence &amp; API Integration › User Story 1.2: API Service Layer Foundation › should maintain data consistency through navigation" classname="user-stories/epic1-data-persistence.spec.ts" time="2.02">
<system-out>
<![CDATA[ℹ️ Data not yet persisted or storage access restricted
]]>
</system-out>
</testcase>
<testcase name="Epic 1: Enhanced Data Persistence &amp; API Integration › Integration: Data Persistence + Navigation › should maintain state throughout complete user journey" classname="user-stories/epic1-data-persistence.spec.ts" time="2.212">
</testcase>
</testsuite>
</testsuites>